Running from: /usr/share/jenkins/jenkins.war
webroot: $user.home/.jenkins
Sep 03, 2015 3:04:46 AM winstone.Logger logInternal
INFO: Beginning extraction from war file
Sep 03, 2015 3:04:46 AM org.eclipse.jetty.util.log.JavaUtilLog info
INFO: jetty-winstone-2.8
Sep 03, 2015 3:04:48 AM org.eclipse.jetty.util.log.JavaUtilLog info
INFO: NO JSP Support for , did not find org.apache.jasper.servlet.JspServlet
Jenkins home directory: /root/.jenkins found at: $user.home/.jenkins
Sep 03, 2015 3:04:49 AM org.eclipse.jetty.util.log.JavaUtilLog info
INFO: Started SelectChannelConnector@0.0.0.0:9090
Sep 03, 2015 3:04:49 AM winstone.Logger logInternal
INFO: Winstone Servlet Engine v2.0 running: controlPort=disabled
Sep 03, 2015 3:04:50 AM jenkins.InitReactorRunner$1 onAttained
INFO: Started initialization
Sep 03, 2015 3:04:50 AM jenkins.InitReactorRunner$1 onAttained
INFO: Listed all plugins
Sep 03, 2015 3:04:50 AM jenkins.InitReactorRunner$1 onAttained
INFO: Prepared all plugins
Sep 03, 2015 3:04:50 AM jenkins.InitReactorRunner$1 onAttained
INFO: Started all plugins
Sep 03, 2015 3:04:55 AM jenkins.InitReactorRunner$1 onAttained
INFO: Augmented all extensions
Sep 03, 2015 3:04:55 AM jenkins.InitReactorRunner$1 onAttained
INFO: Loaded all jobs
Sep 03, 2015 3:04:55 AM hudson.model.AsyncPeriodicWork$1 run
INFO: Started Download metadata
Sep 03, 2015 3:04:55 AM hudson.model.AsyncPeriodicWork$1 run
INFO: Finished Download metadata. 92 ms
Sep 03, 2015 3:04:55 AM org.jenkinsci.main.modules.sshd.SSHD start
INFO: Started SSHD at port 39140
Sep 03, 2015 3:04:55 AM jenkins.InitReactorRunner$1 onAttained
INFO: Completed initialization
Sep 03, 2015 3:04:55 AM hudson.WebAppMain$3 run
INFO: Jenkins is fully up and running
